<?xml version="1.0" encoding="UTF-8"?>
<testng-results ignored="0" total="1" passed="1" failed="0" skipped="0">
  <reporter-output>
  </reporter-output>
  <suite started-at="2022-05-12T02:44:54Z" name="Default suite" finished-at="2022-05-12T02:44:57Z" duration-ms="3280">
    <groups>
    </groups>
    <test started-at="2022-05-12T02:44:54Z" name="Default test" finished-at="2022-05-12T02:44:57Z" duration-ms="3280">
      <class name="qaautomation.march2022.RegisterApiTest">
        <test-method signature="registerTest()[pri:0, instance:qaautomation.march2022.RegisterApiTest@f4c0e4e]" started-at="2022-05-12T02:44:54Z" name="registerTest" finished-at="2022-05-12T02:44:57Z" duration-ms="3132" status="PASS">
          <reporter-output>
          </reporter-output>
        </test-method> <!-- registerTest -->
      </class> <!-- qaautomation.march2022.RegisterApiTest -->
    </test> <!-- Default test -->
  </suite> <!-- Default suite -->
</testng-results>
